<?xml version="1.0" encoding="UTF-8" ?>
<testsuite tests="3" failures="2" name="TestSuite" time="1.223" errors="0" skipped="0">
  <properties>
[...]
</properties>
  <testcase classname="com.example.DependencyTest" name="configTest" time="0.024">
    <failure message="The following asserts failed:
null, ooooooooooooooookoooo" type="java.lang.AssertionError">java.lang.AssertionError: The following asserts failed:
null, ooooooooooooooookoooo
	at org.testng.asserts.SoftAssert.assertAll(SoftAssert.java:37)
	at com.example.DependencyTest.configTest(DependencyTest.java:28)
</failure>
  </testcase>
  <testcase classname="com.example.DependencyTest" name="connectionTest" time="0.001">
    <failure message="Missed! expected [true] but found [false]" type="java.lang.AssertionError">java.lang.AssertionError: Missed! expected [true] but found [false]
	at org.testng.Assert.fail(Assert.java:94)
	at org.testng.Assert.failNotEquals(Assert.java:494)
	at org.testng.Assert.assertTrue(Assert.java:42)
	at com.example.DependencyTest.connectionTest(DependencyTest.java:42)
</failure>
  </testcase>
  <testcase classname="com.example.DependencyTest" name="query" time="0.001"/>
</testsuite>